<?xml version="1.0" encoding="UTF-8"?>
<testsuite name="BlockchainTest" tests="1" skipped="0" failures="0" errors="0" timestamp="2022-03-25T16:09:30" hostname="bm" time="10.075">
  <properties/>
  <testcase name="start" classname="BlockchainTest" time="10.075"/>
  <system-out><![CDATA[?[1;31m
Start test 1?[0m

Block:
Created by miner # 1
Id: 1
Timestamp: 1648224570215
Magic number:1397161056
Hash of the previous block:
0
Hash of the block:
0eb7d55223bc7a10ab09de004c8a75632601fe1a26875a9a89c750c878d08708
Block was generating for 0 seconds
N was increased to 2

Block:
Created by miner # 1
Id: 2
Timestamp: 1648224570257
Magic number:447001411
Hash of the previous block:
0eb7d55223bc7a10ab09de004c8a75632601fe1a26875a9a89c750c878d08708
Hash of the block:
00143cb2c4ce5bc328a761b70584ef825b6ed75897ef9d46f99ba44091871d6e
Block was generating for 0 seconds
N was increased to 3

Block:
Created by miner # 1
Id: 3
Timestamp: 1648224570276
Magic number:-1029005622
Hash of the previous block:
00143cb2c4ce5bc328a761b70584ef825b6ed75897ef9d46f99ba44091871d6e
Hash of the block:
0009357137f96761ad7912602644eb8d4311d7acbae707b777eb1d8419c996a8
Block was generating for 0 seconds
N was increased to 4

Block:
Created by miner # 2
Id: 4
Timestamp: 1648224570361
Magic number:1584715171
Hash of the previous block:
0009357137f96761ad7912602644eb8d4311d7acbae707b777eb1d8419c996a8
Hash of the block:
000043a27c17f0e4216ded7469e4b21e79b21ac5012432e1699bdf843f646d5b
Block was generating for 0 seconds
N was increased to 5

Block:
Created by miner # 1
Id: 5
Timestamp: 1648224570625
Magic number:754730972
Hash of the previous block:
000043a27c17f0e4216ded7469e4b21e79b21ac5012432e1699bdf843f646d5b
Hash of the block:
000001fe55d17d02505c98dd409641890edc1b0e42d13b98c296c6226223d814
Block was generating for 0 seconds
N was increased to 6
?[1;31m
Start test 2?[0m

Block:
Created by miner # 2
Id: 1
Timestamp: 1648224575230
Magic number:1441429240
Hash of the previous block:
0
Hash of the block:
0998bcf80181598a95537f9566de668708a7346eb2ae0e369096941f7357f3c8
Block was generating for 0 seconds
N was increased to 2

Block:
Created by miner # 2
Id: 2
Timestamp: 1648224575247
Magic number:-1348543679
Hash of the previous block:
0998bcf80181598a95537f9566de668708a7346eb2ae0e369096941f7357f3c8
Hash of the block:
00d53e7b3f9634eb03c51a8da19b322f570e7fa1d9fafc1e52c364bbbc7dee84
Block was generating for 0 seconds
N was increased to 3

Block:
Created by miner # 2
Id: 3
Timestamp: 1648224575260
Magic number:-808539166
Hash of the previous block:
00d53e7b3f9634eb03c51a8da19b322f570e7fa1d9fafc1e52c364bbbc7dee84
Hash of the block:
0005523d854c3316c55e519d7915004d56dacb34586584fee0f38977239d7f97
Block was generating for 0 seconds
N was increased to 4

Block:
Created by miner # 2
Id: 4
Timestamp: 1648224575291
Magic number:1757170924
Hash of the previous block:
0005523d854c3316c55e519d7915004d56dacb34586584fee0f38977239d7f97
Hash of the block:
0000b46f9f7d50d66841d04b7f01bd6b60b89cefb57e24381b64da7b7b83eda1
Block was generating for 0 seconds
N was increased to 5

Block:
Created by miner # 2
Id: 5
Timestamp: 1648224575320
Magic number:-2046641691
Hash of the previous block:
0000b46f9f7d50d66841d04b7f01bd6b60b89cefb57e24381b64da7b7b83eda1
Hash of the block:
00000935b682648bda8a2d0cdfaf1ac4714f7c8b179c7eea7dad0e461a59cc59
Block was generating for 0 seconds
N was increased to 6
]]></system-out>
  <system-err><![CDATA[java.io.FileNotFoundException: ./Blockchain/task/files/blockchain.obj (Nie ma takiego pliku ani katalogu)
	at java.base/java.io.FileOutputStream.open0(Native Method)
	at java.base/java.io.FileOutputStream.open(FileOutputStream.java:293)
	at java.base/java.io.FileOutputStream.<init>(FileOutputStream.java:235)
	at java.base/java.io.FileOutputStream.<init>(FileOutputStream.java:123)
	at blockchain.utils.FileService.saveBlockchain(FileService.java:38)
	at blockchain.BlockChain.save(BlockChain.java:71)
	at blockchain.BlockChain.addBlockToBlockChain(BlockChain.java:67)
	at blockchain.mining.Miner.run(Miner.java:25)
java.io.FileNotFoundException: ./Blockchain/task/files/blockchain.obj (Nie ma takiego pliku ani katalogu)
	at java.base/java.io.FileOutputStream.open0(Native Method)
	at java.base/java.io.FileOutputStream.open(FileOutputStream.java:293)
	at java.base/java.io.FileOutputStream.<init>(FileOutputStream.java:235)
	at java.base/java.io.FileOutputStream.<init>(FileOutputStream.java:123)
	at blockchain.utils.FileService.saveBlockchain(FileService.java:38)
	at blockchain.BlockChain.save(BlockChain.java:71)
	at blockchain.BlockChain.addBlockToBlockChain(BlockChain.java:67)
	at blockchain.mining.Miner.run(Miner.java:25)
java.io.FileNotFoundException: ./Blockchain/task/files/blockchain.obj (Nie ma takiego pliku ani katalogu)
	at java.base/java.io.FileOutputStream.open0(Native Method)
	at java.base/java.io.FileOutputStream.open(FileOutputStream.java:293)
	at java.base/java.io.FileOutputStream.<init>(FileOutputStream.java:235)
	at java.base/java.io.FileOutputStream.<init>(FileOutputStream.java:123)
	at blockchain.utils.FileService.saveBlockchain(FileService.java:38)
	at blockchain.BlockChain.save(BlockChain.java:71)
	at blockchain.BlockChain.addBlockToBlockChain(BlockChain.java:67)
	at blockchain.mining.Miner.run(Miner.java:25)
java.io.FileNotFoundException: ./Blockchain/task/files/blockchain.obj (Nie ma takiego pliku ani katalogu)
	at java.base/java.io.FileOutputStream.open0(Native Method)
	at java.base/java.io.FileOutputStream.open(FileOutputStream.java:293)
	at java.base/java.io.FileOutputStream.<init>(FileOutputStream.java:235)
	at java.base/java.io.FileOutputStream.<init>(FileOutputStream.java:123)
	at blockchain.utils.FileService.saveBlockchain(FileService.java:38)
	at blockchain.BlockChain.save(BlockChain.java:71)
	at blockchain.BlockChain.addBlockToBlockChain(BlockChain.java:67)
	at blockchain.mining.Miner.run(Miner.java:25)
java.io.FileNotFoundException: ./Blockchain/task/files/blockchain.obj (Nie ma takiego pliku ani katalogu)
	at java.base/java.io.FileOutputStream.open0(Native Method)
	at java.base/java.io.FileOutputStream.open(FileOutputStream.java:293)
	at java.base/java.io.FileOutputStream.<init>(FileOutputStream.java:235)
	at java.base/java.io.FileOutputStream.<init>(FileOutputStream.java:123)
	at blockchain.utils.FileService.saveBlockchain(FileService.java:38)
	at blockchain.BlockChain.save(BlockChain.java:71)
	at blockchain.BlockChain.addBlockToBlockChain(BlockChain.java:67)
	at blockchain.mining.Miner.run(Miner.java:25)
java.io.FileNotFoundException: ./Blockchain/task/files/blockchain.obj (Nie ma takiego pliku ani katalogu)
	at java.base/java.io.FileOutputStream.open0(Native Method)
	at java.base/java.io.FileOutputStream.open(FileOutputStream.java:293)
	at java.base/java.io.FileOutputStream.<init>(FileOutputStream.java:235)
	at java.base/java.io.FileOutputStream.<init>(FileOutputStream.java:123)
	at blockchain.utils.FileService.saveBlockchain(FileService.java:38)
	at blockchain.BlockChain.save(BlockChain.java:71)
	at blockchain.BlockChain.addBlockToBlockChain(BlockChain.java:67)
	at blockchain.mining.Miner.run(Miner.java:25)
java.io.FileNotFoundException: ./Blockchain/task/files/blockchain.obj (Nie ma takiego pliku ani katalogu)
	at java.base/java.io.FileOutputStream.open0(Native Method)
	at java.base/java.io.FileOutputStream.open(FileOutputStream.java:293)
	at java.base/java.io.FileOutputStream.<init>(FileOutputStream.java:235)
	at java.base/java.io.FileOutputStream.<init>(FileOutputStream.java:123)
	at blockchain.utils.FileService.saveBlockchain(FileService.java:38)
	at blockchain.BlockChain.save(BlockChain.java:71)
	at blockchain.BlockChain.addBlockToBlockChain(BlockChain.java:67)
	at blockchain.mining.Miner.run(Miner.java:25)
java.io.FileNotFoundException: ./Blockchain/task/files/blockchain.obj (Nie ma takiego pliku ani katalogu)
	at java.base/java.io.FileOutputStream.open0(Native Method)
	at java.base/java.io.FileOutputStream.open(FileOutputStream.java:293)
	at java.base/java.io.FileOutputStream.<init>(FileOutputStream.java:235)
	at java.base/java.io.FileOutputStream.<init>(FileOutputStream.java:123)
	at blockchain.utils.FileService.saveBlockchain(FileService.java:38)
	at blockchain.BlockChain.save(BlockChain.java:71)
	at blockchain.BlockChain.addBlockToBlockChain(BlockChain.java:67)
	at blockchain.mining.Miner.run(Miner.java:25)
java.io.FileNotFoundException: ./Blockchain/task/files/blockchain.obj (Nie ma takiego pliku ani katalogu)
	at java.base/java.io.FileOutputStream.open0(Native Method)
	at java.base/java.io.FileOutputStream.open(FileOutputStream.java:293)
	at java.base/java.io.FileOutputStream.<init>(FileOutputStream.java:235)
	at java.base/java.io.FileOutputStream.<init>(FileOutputStream.java:123)
	at blockchain.utils.FileService.saveBlockchain(FileService.java:38)
	at blockchain.BlockChain.save(BlockChain.java:71)
	at blockchain.BlockChain.addBlockToBlockChain(BlockChain.java:67)
	at blockchain.mining.Miner.run(Miner.java:25)
java.io.FileNotFoundException: ./Blockchain/task/files/blockchain.obj (Nie ma takiego pliku ani katalogu)
	at java.base/java.io.FileOutputStream.open0(Native Method)
	at java.base/java.io.FileOutputStream.open(FileOutputStream.java:293)
	at java.base/java.io.FileOutputStream.<init>(FileOutputStream.java:235)
	at java.base/java.io.FileOutputStream.<init>(FileOutputStream.java:123)
	at blockchain.utils.FileService.saveBlockchain(FileService.java:38)
	at blockchain.BlockChain.save(BlockChain.java:71)
	at blockchain.BlockChain.addBlockToBlockChain(BlockChain.java:67)
	at blockchain.mining.Miner.run(Miner.java:25)
]]></system-err>
</testsuite>
