<?xml version="1.0" encoding="UTF-8"?>
<testsuite name="BlockchainTest" tests="1" skipped="0" failures="0" errors="0" timestamp="2022-03-25T17:03:29" hostname="bm" time="10.469">
  <properties/>
  <testcase name="start" classname="BlockchainTest" time="10.469"/>
  <system-out><![CDATA[?[1;31m
Start test 1?[0m

Block:
Created by miner # 35
Id: 1
Timestamp: 1648227809372
Magic number:848721357
Hash of the previous block:
0
Hash of the block:
0751b6eb7f9723f25872661ad4516e9a6e1e5f94740ed351ccc69b6cf107220b
Block was generating for 0 seconds
N was increased to 2

Block:
Created by miner # 15
Id: 2
Timestamp: 1648227809393
Magic number:201574600
Hash of the previous block:
0751b6eb7f9723f25872661ad4516e9a6e1e5f94740ed351ccc69b6cf107220b
Hash of the block:
00c256244d80c948f5deb60566842ededfe6dcd9b6b798395e1507a0fc40f68c
Block was generating for 0 seconds
N was increased to 3

Block:
Created by miner # 36
Id: 3
Timestamp: 1648227809441
Magic number:-965810338
Hash of the previous block:
00c256244d80c948f5deb60566842ededfe6dcd9b6b798395e1507a0fc40f68c
Hash of the block:
0004987ce8794c97a8b78694baaf39f49c3375f366ba906e15d609b218aeaf1a
Block was generating for 0 seconds
N was increased to 4

Block:
Created by miner # 11
Id: 4
Timestamp: 1648227810011
Magic number:-1087279240
Hash of the previous block:
0004987ce8794c97a8b78694baaf39f49c3375f366ba906e15d609b218aeaf1a
Hash of the block:
0000664243ff2cb7728de8e7a7086d7d7288f68fb55bb2f0372adbb6c4d4fe4a
Block was generating for 0 seconds
N was increased to 5

Block:
Created by miner # 28
Id: 5
Timestamp: 1648227810867
Magic number:1077155193
Hash of the previous block:
0000664243ff2cb7728de8e7a7086d7d7288f68fb55bb2f0372adbb6c4d4fe4a
Hash of the block:
00000efc088c06d43c286c0d964233d5f65b6e836df18860fa798d23c349b8e5
Block was generating for 0 seconds
N was increased to 6
?[1;31m
Start test 2?[0m

Block:
Created by miner # 23
Id: 1
Timestamp: 1648227814420
Magic number:1145832167
Hash of the previous block:
0
Hash of the block:
04e6ec49e6819e2e39438fb722e77fcc722265d8e425851c0af4ee286ddad84f
Block was generating for 0 seconds
N was increased to 2

Block:
Created by miner # 12
Id: 2
Timestamp: 1648227814441
Magic number:-357157979
Hash of the previous block:
04e6ec49e6819e2e39438fb722e77fcc722265d8e425851c0af4ee286ddad84f
Hash of the block:
009bcab53abf4a0c979c19010ba251bddedaecea597965a2340d04758eb69c29
Block was generating for 0 seconds
N was increased to 3

Block:
Created by miner # 8
Id: 3
Timestamp: 1648227814709
Magic number:255656858
Hash of the previous block:
009bcab53abf4a0c979c19010ba251bddedaecea597965a2340d04758eb69c29
Hash of the block:
00079a417977695b0ddb0258ca0ae9203bea407f041a2f0291be5179b15745fe
Block was generating for 0 seconds
N was increased to 4

Block:
Created by miner # 3
Id: 4
Timestamp: 1648227814746
Magic number:1343191889
Hash of the previous block:
00079a417977695b0ddb0258ca0ae9203bea407f041a2f0291be5179b15745fe
Hash of the block:
0000501db8ee35b391526b771e7aa080523b17c88514cf0c2bd7c04d53e3d427
Block was generating for 0 seconds
N was increased to 5

Block:
Created by miner # 48
Id: 5
Timestamp: 1648227817288
Magic number:-1543281070
Hash of the previous block:
0000501db8ee35b391526b771e7aa080523b17c88514cf0c2bd7c04d53e3d427
Hash of the block:
00000b837d1cd8bb48eded9ad6f2070d106485c49637c29b1d8d5812f26bc32d
Block was generating for 2 seconds
N was increased to 6
]]></system-out>
  <system-err><![CDATA[java.io.FileNotFoundException: ./Blockchain/task/files/blockchain.obj (Nie ma takiego pliku ani katalogu)
	at java.base/java.io.FileOutputStream.open0(Native Method)
	at java.base/java.io.FileOutputStream.open(FileOutputStream.java:293)
	at java.base/java.io.FileOutputStream.<init>(FileOutputStream.java:235)
	at java.base/java.io.FileOutputStream.<init>(FileOutputStream.java:123)
	at blockchain.utils.FileService.saveBlockchain(FileService.java:39)
	at blockchain.BlockChain.save(BlockChain.java:64)
	at blockchain.BlockChain.addBlockToBlockChain(BlockChain.java:60)
	at blockchain.mining.Miner.run(Miner.java:28)
java.io.FileNotFoundException: ./Blockchain/task/files/blockchain.obj (Nie ma takiego pliku ani katalogu)
	at java.base/java.io.FileOutputStream.open0(Native Method)
	at java.base/java.io.FileOutputStream.open(FileOutputStream.java:293)
	at java.base/java.io.FileOutputStream.<init>(FileOutputStream.java:235)
	at java.base/java.io.FileOutputStream.<init>(FileOutputStream.java:123)
	at blockchain.utils.FileService.saveBlockchain(FileService.java:39)
	at blockchain.BlockChain.save(BlockChain.java:64)
	at blockchain.BlockChain.addBlockToBlockChain(BlockChain.java:60)
	at blockchain.mining.Miner.run(Miner.java:28)
java.io.FileNotFoundException: ./Blockchain/task/files/blockchain.obj (Nie ma takiego pliku ani katalogu)
	at java.base/java.io.FileOutputStream.open0(Native Method)
	at java.base/java.io.FileOutputStream.open(FileOutputStream.java:293)
	at java.base/java.io.FileOutputStream.<init>(FileOutputStream.java:235)
	at java.base/java.io.FileOutputStream.<init>(FileOutputStream.java:123)
	at blockchain.utils.FileService.saveBlockchain(FileService.java:39)
	at blockchain.BlockChain.save(BlockChain.java:64)
	at blockchain.BlockChain.addBlockToBlockChain(BlockChain.java:60)
	at blockchain.mining.Miner.run(Miner.java:28)
java.io.FileNotFoundException: ./Blockchain/task/files/blockchain.obj (Nie ma takiego pliku ani katalogu)
	at java.base/java.io.FileOutputStream.open0(Native Method)
	at java.base/java.io.FileOutputStream.open(FileOutputStream.java:293)
	at java.base/java.io.FileOutputStream.<init>(FileOutputStream.java:235)
	at java.base/java.io.FileOutputStream.<init>(FileOutputStream.java:123)
	at blockchain.utils.FileService.saveBlockchain(FileService.java:39)
	at blockchain.BlockChain.save(BlockChain.java:64)
	at blockchain.BlockChain.addBlockToBlockChain(BlockChain.java:60)
	at blockchain.mining.Miner.run(Miner.java:28)
java.io.FileNotFoundException: ./Blockchain/task/files/blockchain.obj (Nie ma takiego pliku ani katalogu)
	at java.base/java.io.FileOutputStream.open0(Native Method)
	at java.base/java.io.FileOutputStream.open(FileOutputStream.java:293)
	at java.base/java.io.FileOutputStream.<init>(FileOutputStream.java:235)
	at java.base/java.io.FileOutputStream.<init>(FileOutputStream.java:123)
	at blockchain.utils.FileService.saveBlockchain(FileService.java:39)
	at blockchain.BlockChain.save(BlockChain.java:64)
	at blockchain.BlockChain.addBlockToBlockChain(BlockChain.java:60)
	at blockchain.mining.Miner.run(Miner.java:28)
java.io.FileNotFoundException: ./Blockchain/task/files/blockchain.obj (Nie ma takiego pliku ani katalogu)
	at java.base/java.io.FileOutputStream.open0(Native Method)
	at java.base/java.io.FileOutputStream.open(FileOutputStream.java:293)
	at java.base/java.io.FileOutputStream.<init>(FileOutputStream.java:235)
	at java.base/java.io.FileOutputStream.<init>(FileOutputStream.java:123)
	at blockchain.utils.FileService.saveBlockchain(FileService.java:39)
	at blockchain.BlockChain.save(BlockChain.java:64)
	at blockchain.BlockChain.addBlockToBlockChain(BlockChain.java:60)
	at blockchain.mining.Miner.run(Miner.java:28)
java.io.FileNotFoundException: ./Blockchain/task/files/blockchain.obj (Nie ma takiego pliku ani katalogu)
	at java.base/java.io.FileOutputStream.open0(Native Method)
	at java.base/java.io.FileOutputStream.open(FileOutputStream.java:293)
	at java.base/java.io.FileOutputStream.<init>(FileOutputStream.java:235)
	at java.base/java.io.FileOutputStream.<init>(FileOutputStream.java:123)
	at blockchain.utils.FileService.saveBlockchain(FileService.java:39)
	at blockchain.BlockChain.save(BlockChain.java:64)
	at blockchain.BlockChain.addBlockToBlockChain(BlockChain.java:60)
	at blockchain.mining.Miner.run(Miner.java:28)
java.io.FileNotFoundException: ./Blockchain/task/files/blockchain.obj (Nie ma takiego pliku ani katalogu)
	at java.base/java.io.FileOutputStream.open0(Native Method)
	at java.base/java.io.FileOutputStream.open(FileOutputStream.java:293)
	at java.base/java.io.FileOutputStream.<init>(FileOutputStream.java:235)
	at java.base/java.io.FileOutputStream.<init>(FileOutputStream.java:123)
	at blockchain.utils.FileService.saveBlockchain(FileService.java:39)
	at blockchain.BlockChain.save(BlockChain.java:64)
	at blockchain.BlockChain.addBlockToBlockChain(BlockChain.java:60)
	at blockchain.mining.Miner.run(Miner.java:28)
java.io.FileNotFoundException: ./Blockchain/task/files/blockchain.obj (Nie ma takiego pliku ani katalogu)
	at java.base/java.io.FileOutputStream.open0(Native Method)
	at java.base/java.io.FileOutputStream.open(FileOutputStream.java:293)
	at java.base/java.io.FileOutputStream.<init>(FileOutputStream.java:235)
	at java.base/java.io.FileOutputStream.<init>(FileOutputStream.java:123)
	at blockchain.utils.FileService.saveBlockchain(FileService.java:39)
	at blockchain.BlockChain.save(BlockChain.java:64)
	at blockchain.BlockChain.addBlockToBlockChain(BlockChain.java:60)
	at blockchain.mining.Miner.run(Miner.java:28)
java.io.FileNotFoundException: ./Blockchain/task/files/blockchain.obj (Nie ma takiego pliku ani katalogu)
	at java.base/java.io.FileOutputStream.open0(Native Method)
	at java.base/java.io.FileOutputStream.open(FileOutputStream.java:293)
	at java.base/java.io.FileOutputStream.<init>(FileOutputStream.java:235)
	at java.base/java.io.FileOutputStream.<init>(FileOutputStream.java:123)
	at blockchain.utils.FileService.saveBlockchain(FileService.java:39)
	at blockchain.BlockChain.save(BlockChain.java:64)
	at blockchain.BlockChain.addBlockToBlockChain(BlockChain.java:60)
	at blockchain.mining.Miner.run(Miner.java:28)
]]></system-err>
</testsuite>
