<?xml version="1.0" encoding="UTF-8"?>
<testsuite name="blockchain.mining.DifficultyManagerTest" tests="4" skipped="0" failures="0" errors="0" timestamp="2022-03-28T18:45:30" hostname="bm" time="0.391">
  <properties/>
  <testcase name="testGeneratingToSlowDecreaseDifficultyLevel" classname="blockchain.mining.DifficultyManagerTest" time="0.386"/>
  <testcase name="testGeneratingToSlowDecreaseDifficultyLevelUnderZero" classname="blockchain.mining.DifficultyManagerTest" time="0.002"/>
  <testcase name="testGeneratingToFastIncreaseDifficultyLevel" classname="blockchain.mining.DifficultyManagerTest" time="0.001"/>
  <testcase name="testGenerateTimeOKNoChangeDifficultyLevel" classname="blockchain.mining.DifficultyManagerTest" time="0.001"/>
  <system-out><![CDATA[Block was generating for 50 seconds
N was decreased to 1
Block was generating for 50 seconds
N stays the same
Block was generating for 0 seconds
N was increased to 3
Block was generating for 5 seconds
N stays the same
]]></system-out>
  <system-err><![CDATA[]]></system-err>
</testsuite>
