<?xml version="1.0" encoding="UTF-8"?>
<testsuite name="blockchain.mining.DiggerTest" tests="3" skipped="0" failures="0" errors="0" timestamp="2022-03-30T15:59:28" hostname="bm" time="1.445">
  <properties/>
  <testcase name="testIfHashStartWithCorrectNumbersOfZero" classname="blockchain.mining.DiggerTest" time="0.89"/>
  <testcase name="testPreviousHashNumber" classname="blockchain.mining.DiggerTest" time="0.532"/>
  <testcase name="testIdIncrement" classname="blockchain.mining.DiggerTest" time="0.023"/>
  <system-out><![CDATA[]]></system-out>
  <system-err><![CDATA[Creating new blockchain....
]]></system-err>
</testsuite>
